{
  "RSpec": {
    "coverage": {
      "/Users/josepedraza/projects/test_trials/group_events/spec/models/group_event_spec.rb": [
        1,
        1,
        null,
        null,
        1,
        3,
        null,
        1,
        1,
        null,
        1,
        1,
        1,
        1,
        1,
        null,
        null,
        null,
        1,
        3,
        1,
        1,
        null,
        null,
        1,
        1,
        1,
        1,
        1,
        null,
        null,
        null,
        1,
        6,
        null,
        1,
        1,
        3,
        3,
        3,
        3,
        3,
        3,
        null,
        2,
        2,
        2,
        null,
        null,
        null,
        1,
        3,
        2,
        null,
        null,
        null,
        1,
        1,
        1,
        1,
        null,
        null,
        null,
        null,
        null,
        2,
        null,
        null,
        1,
        1,
        null,
        1,
        null,
        null,
        null,
        null,
        null,
        2,
        null,
        null,
        1,
        1,
        null,
        1,
        null,
        null,
        null,
        null,
        null,
        2,
        null,
        null,
        null,
        1,
        1,
        1,
        7,
        null,
        2,
        1,
        1,
        1,
        1,
        1,
        null,
        1,
        1,
        1,
        1,
        1,
        1,
        null,
        1,
        1,
        1,
        1,
        1,
        1,
        1,
        null,
        1,
        1,
        1,
        1,
        1,
        null,
        null,
        1,
        1,
        1,
        1,
        1,
        null,
        1,
        1,
        1,
        1,
        null,
        null,
        null,
        null,
        null
      ],
      "/Users/josepedraza/projects/test_trials/group_events/spec/rails_helper.rb": [
        null,
        1,
        1,
        1,
        null,
        1,
        1,
        null,
        null,
        null,
        null,
        null,
        null,
        null,
        null,
        null,
        null,
        null,
        null,
        null,
        null,
        null,
        null,
        null,
        null,
        null,
        1,
        null,
        1,
        null,
        1,
        null,
        null,
        null,
        null,
        1,
        null,
        null,
        null,
        null,
        null,
        null,
        null,
        null,
        null,
        null,
        null,
        null,
        null,
        null,
        1,
        null,
        null,
        1,
        null,
        null,
        null
      ],
      "/Users/josepedraza/projects/test_trials/group_events/config/environment.rb": [
        null,
        1,
        null,
        null,
        1
      ],
      "/Users/josepedraza/projects/test_trials/group_events/config/application.rb": [
        1,
        null,
        1,
        null,
        1,
        1,
        1,
        1,
        1,
        1,
        1,
        null,
        1,
        null,
        null,
        null,
        1,
        null,
        1,
        1,
        null,
        1,
        null,
        null,
        null,
        null,
        null,
        null,
        null,
        null,
        1,
        null,
        null
      ],
      "/Users/josepedraza/projects/test_trials/group_events/config/boot.rb": [
        1,
        null,
        1
      ],
      "/Users/josepedraza/projects/test_trials/group_events/config/environments/test.rb": [
        1,
        null,
        null,
        null,
        null,
        null,
        null,
        1,
        null,
        null,
        null,
        null,
        1,
        null,
        null,
        1,
        1,
        null,
        null,
        null,
        null,
        1,
        1,
        null,
        null,
        1,
        null,
        null,
        1,
        1,
        null,
        null,
        null,
        null,
        1,
        null,
        null,
        1,
        null,
        null,
        null,
        null
      ],
      "/Users/josepedraza/projects/test_trials/group_events/config/initializers/application_controller_renderer.rb": [
        null,
        null,
        null,
        null,
        null,
        null
      ],
      "/Users/josepedraza/projects/test_trials/group_events/config/initializers/backtrace_silencers.rb": [
        null,
        null,
        null,
        null,
        null,
        null,
        null
      ],
      "/Users/josepedraza/projects/test_trials/group_events/config/initializers/cors.rb": [
        null,
        null,
        null,
        null,
        null,
        null,
        null,
        null,
        null,
        null,
        null,
        null,
        null,
        null,
        null,
        null
      ],
      "/Users/josepedraza/projects/test_trials/group_events/config/initializers/filter_parameter_logging.rb": [
        null,
        null,
        null,
        1
      ],
      "/Users/josepedraza/projects/test_trials/group_events/config/initializers/inflections.rb": [
        null,
        null,
        null,
        null,
        null,
        null,
        null,
        null,
        null,
        null,
        null,
        null,
        null,
        null,
        null,
        null
      ],
      "/Users/josepedraza/projects/test_trials/group_events/config/initializers/mime_types.rb": [
        null,
        null,
        null,
        null
      ],
      "/Users/josepedraza/projects/test_trials/group_events/config/initializers/wrap_parameters.rb": [
        null,
        null,
        null,
        null,
        null,
        null,
        1,
        1,
        null,
        null,
        null,
        null,
        null,
        null
      ],
      "/Users/josepedraza/projects/test_trials/group_events/spec/factories/group_events.rb": [
        1,
        1,
        1,
        1,
        1,
        1,
        null,
        null
      ],
      "/Users/josepedraza/projects/test_trials/group_events/config/routes.rb": [
        1,
        null,
        1,
        1,
        1,
        null,
        null,
        null,
        null,
        null
      ],
      "/Users/josepedraza/projects/test_trials/group_events/app/models/group_event.rb": [
        1,
        1,
        1,
        null,
        1,
        null,
        1,
        1,
        1,
        null,
        null,
        1,
        1,
        1,
        null,
        1,
        1,
        1,
        1,
        null,
        1,
        1,
        null,
        null,
        1,
        1,
        null,
        null,
        1,
        1,
        null,
        null,
        null,
        1,
        8,
        null,
        null,
        1,
        10,
        40,
        10,
        null,
        null,
        1,
        null,
        null,
        null,
        1,
        10,
        2,
        null,
        null,
        null,
        null,
        1,
        10,
        null,
        1,
        null,
        null,
        null,
        null,
        null,
        1,
        10,
        1,
        null,
        null,
        null,
        null,
        1,
        10,
        1,
        null,
        null,
        null,
        1,
        10,
        2,
        null,
        null,
        10,
        1,
        null,
        null,
        10,
        3,
        3,
        null,
        null,
        null,
        null,
        1,
        4,
        1,
        null,
        3,
        null,
        null
      ],
      "/Users/josepedraza/projects/test_trials/group_events/app/models/application_record.rb": [
        1,
        1,
        null
      ]
    },
    "timestamp": 1498009298
  }
}
