{
  "RSpec": {
    "coverage": {
      "/Users/josepedraza/projects/test_trials/exercise_070621_josePedraza/spec/controllers/api/v1/group_events_controller_spec.rb": [
        1,
        null,
        null,
        1,
        1,
        4,
        1,
        4,
        2,
        2,
        2,
        null,
        null,
        1,
        4,
        2,
        2,
        2,
        null,
        null,
        1,
        4,
        2,
        2,
        2,
        null,
        null,
        1,
        4,
        2,
        2,
        2,
        null,
        null,
        null,
        1,
        1,
        6,
        6,
        2,
        2,
        2,
        2,
        2,
        null,
        null,
        1,
        6,
        6,
        2,
        2,
        2,
        2,
        2,
        null,
        null,
        1,
        6,
        6,
        2,
        2,
        2,
        2,
        2,
        null,
        null,
        1,
        4,
        4,
        2,
        2,
        2,
        null,
        null,
        null,
        1,
        4,
        1,
        4,
        2,
        2,
        2,
        null,
        null,
        1,
        3,
        2,
        2,
        null,
        null,
        null,
        1,
        1,
        3,
        3,
        2,
        2,
        null,
        null,
        null,
        1,
        1,
        3,
        3,
        2,
        2,
        null,
        null,
        null,
        1,
        1,
        2,
        2,
        2,
        null,
        null,
        null,
        1,
        3,
        3,
        2,
        2,
        null,
        null,
        null,
        1,
        1,
        3,
        3,
        2,
        2,
        null,
        null,
        1,
        3,
        3,
        2,
        2,
        null,
        null,
        null
      ],
      "/Users/josepedraza/projects/test_trials/exercise_070621_josePedraza/spec/rails_helper.rb": [
        null,
        1,
        1,
        1,
        null,
        1,
        1,
        null,
        null,
        null,
        null,
        null,
        null,
        null,
        null,
        null,
        null,
        null,
        null,
        null,
        null,
        null,
        null,
        null,
        null,
        null,
        1,
        null,
        1,
        null,
        1,
        null,
        null,
        null,
        null,
        1,
        null,
        null,
        null,
        null,
        null,
        null,
        null,
        null,
        null,
        null,
        null,
        null,
        null,
        null,
        1,
        null,
        null,
        1,
        null,
        null,
        null
      ],
      "/Users/josepedraza/projects/test_trials/exercise_070621_josePedraza/config/environment.rb": [
        null,
        1,
        null,
        null,
        1
      ],
      "/Users/josepedraza/projects/test_trials/exercise_070621_josePedraza/config/application.rb": [
        1,
        null,
        1,
        null,
        1,
        1,
        1,
        1,
        1,
        1,
        1,
        null,
        1,
        null,
        null,
        null,
        1,
        null,
        1,
        1,
        null,
        1,
        null,
        null,
        null,
        null,
        null,
        null,
        null,
        null,
        1,
        null,
        null
      ],
      "/Users/josepedraza/projects/test_trials/exercise_070621_josePedraza/config/boot.rb": [
        1,
        null,
        1
      ],
      "/Users/josepedraza/projects/test_trials/exercise_070621_josePedraza/config/environments/test.rb": [
        1,
        null,
        null,
        null,
        null,
        null,
        null,
        1,
        null,
        null,
        null,
        null,
        1,
        null,
        null,
        1,
        1,
        null,
        null,
        null,
        null,
        1,
        1,
        null,
        null,
        1,
        null,
        null,
        1,
        1,
        null,
        null,
        null,
        null,
        1,
        null,
        null,
        1,
        null,
        null,
        null,
        null
      ],
      "/Users/josepedraza/projects/test_trials/exercise_070621_josePedraza/config/initializers/application_controller_renderer.rb": [
        null,
        null,
        null,
        null,
        null,
        null
      ],
      "/Users/josepedraza/projects/test_trials/exercise_070621_josePedraza/config/initializers/backtrace_silencers.rb": [
        null,
        null,
        null,
        null,
        null,
        null,
        null
      ],
      "/Users/josepedraza/projects/test_trials/exercise_070621_josePedraza/config/initializers/cors.rb": [
        null,
        null,
        null,
        null,
        null,
        null,
        null,
        null,
        null,
        null,
        null,
        null,
        null,
        null,
        null,
        null
      ],
      "/Users/josepedraza/projects/test_trials/exercise_070621_josePedraza/config/initializers/filter_parameter_logging.rb": [
        null,
        null,
        null,
        1
      ],
      "/Users/josepedraza/projects/test_trials/exercise_070621_josePedraza/config/initializers/inflections.rb": [
        null,
        null,
        null,
        null,
        null,
        null,
        null,
        null,
        null,
        null,
        null,
        null,
        null,
        null,
        null,
        null
      ],
      "/Users/josepedraza/projects/test_trials/exercise_070621_josePedraza/config/initializers/mime_types.rb": [
        null,
        null,
        null,
        null
      ],
      "/Users/josepedraza/projects/test_trials/exercise_070621_josePedraza/config/initializers/wrap_parameters.rb": [
        null,
        null,
        null,
        null,
        null,
        null,
        1,
        2,
        null,
        null,
        null,
        null,
        null,
        null
      ],
      "/Users/josepedraza/projects/test_trials/exercise_070621_josePedraza/spec/factories/group_events.rb": [
        1,
        1,
        1,
        1,
        62,
        1,
        null,
        null
      ],
      "/Users/josepedraza/projects/test_trials/exercise_070621_josePedraza/config/routes.rb": [
        1,
        null,
        1,
        1,
        1,
        1,
        1,
        null,
        null,
        null,
        null
      ],
      "/Users/josepedraza/projects/test_trials/exercise_070621_josePedraza/app/controllers/api/v1/group_events_controller.rb": [
        1,
        null,
        null,
        1,
        2,
        2,
        null,
        null,
        1,
        5,
        3,
        null,
        null,
        1,
        12,
        12,
        3,
        null,
        9,
        null,
        null,
        null,
        1,
        18,
        null,
        18,
        null,
        15,
        null,
        3,
        null,
        null,
        null,
        1,
        3,
        null,
        null,
        3,
        1,
        1,
        null,
        2,
        null,
        null,
        null,
        null,
        1,
        2,
        2,
        2,
        null,
        null,
        1,
        4,
        4,
        2,
        null,
        null,
        1,
        1,
        30,
        null,
        null,
        null,
        null,
        null,
        null,
        null,
        null,
        null,
        null,
        1,
        12,
        null,
        null,
        null,
        null,
        null,
        1,
        32,
        null,
        null
      ],
      "/Users/josepedraza/projects/test_trials/exercise_070621_josePedraza/app/controllers/application_controller.rb": [
        1,
        1,
        1,
        null,
        null,
        null,
        null,
        null,
        null,
        null,
        null,
        null,
        1,
        28,
        null,
        28,
        30,
        26,
        25,
        null,
        null,
        28,
        null,
        null,
        null,
        null,
        null,
        null,
        null,
        null,
        null,
        null,
        null,
        null,
        1,
        18,
        null,
        null,
        null,
        null,
        null,
        18,
        null,
        null,
        null,
        1,
        2,
        null,
        null,
        1,
        2,
        null,
        null,
        null
      ],
      "/Users/josepedraza/projects/test_trials/exercise_070621_josePedraza/spec/models/group_event_spec.rb": [
        1,
        1,
        null,
        null,
        1,
        3,
        null,
        1,
        1,
        null,
        1,
        1,
        1,
        1,
        1,
        null,
        null,
        null,
        1,
        3,
        1,
        1,
        null,
        null,
        1,
        1,
        1,
        1,
        1,
        null,
        null,
        null,
        1,
        6,
        null,
        1,
        1,
        3,
        3,
        3,
        3,
        3,
        3,
        null,
        2,
        2,
        2,
        null,
        null,
        null,
        1,
        3,
        2,
        null,
        null,
        null,
        1,
        1,
        1,
        1,
        null,
        null,
        null,
        null,
        null,
        2,
        null,
        null,
        1,
        1,
        null,
        1,
        null,
        null,
        null,
        null,
        null,
        2,
        null,
        null,
        1,
        1,
        null,
        1,
        null,
        null,
        null,
        null,
        null,
        2,
        null,
        null,
        null,
        1,
        1,
        1,
        7,
        null,
        2,
        1,
        1,
        1,
        1,
        1,
        null,
        1,
        1,
        1,
        1,
        1,
        1,
        null,
        1,
        1,
        1,
        1,
        1,
        1,
        1,
        null,
        1,
        1,
        1,
        1,
        1,
        null,
        null,
        1,
        1,
        1,
        1,
        1,
        null,
        1,
        1,
        1,
        1,
        null,
        null,
        null,
        null,
        null
      ],
      "/Users/josepedraza/projects/test_trials/exercise_070621_josePedraza/app/models/group_event.rb": [
        1,
        1,
        1,
        null,
        1,
        null,
        1,
        1,
        1,
        null,
        null,
        1,
        null,
        1,
        null,
        1,
        1,
        1,
        1,
        null,
        1,
        1,
        null,
        null,
        1,
        1,
        null,
        null,
        1,
        1,
        null,
        null,
        null,
        1,
        12,
        null,
        null,
        1,
        16,
        64,
        16,
        null,
        null,
        1,
        1,
        null,
        105,
        105,
        105,
        null,
        null,
        null,
        null,
        1,
        105,
        59,
        46,
        7,
        39,
        6,
        33,
        14,
        null,
        null,
        null,
        null,
        null,
        1,
        147,
        62,
        null,
        null,
        null,
        null,
        1,
        105,
        null,
        16,
        null,
        null,
        null,
        null,
        null,
        1,
        105,
        6,
        null,
        null,
        null,
        null,
        1,
        105,
        1,
        null,
        null,
        null,
        1,
        105,
        5,
        null,
        null,
        105,
        4,
        null,
        null,
        105,
        9,
        9,
        null,
        null,
        null,
        null,
        1,
        5,
        1,
        null,
        4,
        null,
        null
      ],
      "/Users/josepedraza/projects/test_trials/exercise_070621_josePedraza/app/models/application_record.rb": [
        1,
        1,
        null
      ],
      "/Users/josepedraza/projects/test_trials/exercise_070621_josePedraza/app/serializers/group_event_serializer.rb": [
        1,
        1,
        null
      ]
    },
    "timestamp": 1498060699
  }
}
